<?xml version="1.0" encoding="UTF-8"?>
<testsuite xmlns:xsi="http://www.w3.org/2001/XMLSchema-instance" xsi:noNamespaceSchemaLocation="https://maven.apache.org/surefire/maven-surefire-plugin/xsd/surefire-test-report-3.0.xsd" version="3.0" name="com.TarefasPrevistas.UsuarioServiceTest" time="0.015" tests="2" errors="0" skipped="0" failures="1">
  <properties>
[...]
</properties>
  <testcase name="testAuthenticateInvalidCredentials" classname="com.TarefasPrevistas.UsuarioServiceTest" time="0.009">
    <system-err><![CDATA[Erro ao buscar usuários: Table "USUARIOS" not found; SQL statement:
SELECT * FROM usuarios [42102-232]
Erro: Credenciais inválidas.
]]></system-err>
  </testcase>
  <testcase name="testAuthenticateValidCredentials" classname="com.TarefasPrevistas.UsuarioServiceTest" time="0.003">
    <failure message="expected: not &lt;null&gt;" type="org.opentest4j.AssertionFailedError"><![CDATA[org.opentest4j.AssertionFailedError: expected: not <null>
	at org.junit.jupiter.api.AssertionFailureBuilder.build(AssertionFailureBuilder.java:152)
	at org.junit.jupiter.api.AssertionFailureBuilder.buildAndThrow(AssertionFailureBuilder.java:132)
	at org.junit.jupiter.api.AssertNotNull.failNull(AssertNotNull.java:49)
	at org.junit.jupiter.api.AssertNotNull.assertNotNull(AssertNotNull.java:35)
	at org.junit.jupiter.api.AssertNotNull.assertNotNull(AssertNotNull.java:30)
	at org.junit.jupiter.api.Assertions.assertNotNull(Assertions.java:304)
	at com.TarefasPrevistas.UsuarioServiceTest.testAuthenticateValidCredentials(UsuarioServiceTest.java:40)
	at java.base/java.lang.reflect.Method.invoke(Method.java:580)
	at java.base/java.util.ArrayList.forEach(ArrayList.java:1596)
	at java.base/java.util.ArrayList.forEach(ArrayList.java:1596)
]]></failure>
    <system-err><![CDATA[Erro ao adicionar usuário: Table "USUARIOS" not found; SQL statement:
INSERT INTO usuarios (email, senha, empresa, cidade) VALUES (?, ?, ?, ?) [42102-232]
Erro ao buscar usuários: Table "USUARIOS" not found; SQL statement:
SELECT * FROM usuarios [42102-232]
Erro: Credenciais inválidas.
]]></system-err>
  </testcase>
</testsuite>